<?xml version="1.0" encoding="UTF-8"?>
<!-- Generated by org.testng.reporters.JUnitReportReporter -->
<testsuite hostname="Mohan" failures="0" tests="1" name="gitPractice.git.Test1" time="0.015" errors="0" timestamp="2023-07-11T17:41:00 IST" skipped="0">
  <testcase classname="gitPractice.git.Test1" name="testCase1" time="0.015"/>
  <system-out/>
</testsuite> <!-- gitPractice.git.Test1 -->
